2023-10-29 09:03:37,961 - INFO - prehook: start
2023-10-29 09:03:38,024 - INFO - prehook: SQL folder successfully executed
2023-10-29 09:03:38,024 - INFO - prehook: Executed successfully
2023-10-29 09:03:38,026 - INFO - hook: start
2023-10-29 09:03:40,164 - INFO - hook: FAANG stock prices successfully fetched
2023-10-29 09:09:00,644 - INFO - hook: FINVIZ stock news successfully fetched
2023-10-29 09:09:13,022 - INFO - hook: U.S.A economic dataset successfully fetched from Fred Economic Website
2023-10-29 09:14:33,002 - INFO - hook: U.S.A state wise econmic dataset successfully fetched from Fred Economic Website
2023-10-29 09:15:15,471 - INFO - hook: U.S Politicians speeches successfully fetched
2023-10-29 09:15:25,787 - INFO - hook: SQL folder successfully executed
2023-10-29 09:15:27,557 - INFO - hook: successfully created and added dataframe into fact/agg tables
2023-10-29 09:20:17,605 - INFO - posthook: start
2023-10-29 09:20:17,764 - INFO - posthook: Executed successfully
2023-10-29 09:20:59,522 - INFO - posthook: start
2023-10-29 09:20:59,665 - INFO - posthook: Executed successfully
2023-10-29 09:21:08,509 - INFO - prehook: start
2023-10-29 09:21:08,573 - INFO - prehook: SQL folder successfully executed
2023-10-29 09:21:08,584 - INFO - prehook: Executed successfully
2023-10-29 09:21:08,584 - INFO - hook: start
2023-10-29 09:21:10,551 - INFO - hook: FAANG stock prices successfully fetched
2023-10-29 09:25:50,859 - INFO - hook: FINVIZ stock news successfully fetched
2023-10-29 09:26:01,969 - INFO - hook: U.S.A economic dataset successfully fetched from Fred Economic Website
2023-10-29 09:30:04,937 - INFO - hook: U.S.A state wise econmic dataset successfully fetched from Fred Economic Website
2023-10-29 09:30:42,036 - INFO - hook: U.S Politicians speeches successfully fetched
2023-10-29 09:30:52,361 - INFO - hook: SQL folder successfully executed
2023-10-29 09:30:54,028 - INFO - hook: successfully created and added dataframe into fact/agg tables
2023-10-29 09:30:55,511 - INFO - hook: SQL folder successfully executed
2023-10-29 09:30:55,526 - INFO - hook: SQL folder successfully executed
2023-10-29 09:30:55,527 - INFO - hook: Executed successfully
2023-10-29 09:30:55,527 - INFO - posthook: start
2023-10-29 09:30:55,667 - INFO - posthook: Executed successfully
2023-10-31 09:57:01,622 - INFO - Executing prehook
2023-10-31 09:57:01,622 - INFO - Step 0: Creating a database connection
2023-10-31 09:57:01,648 - INFO - Step 1: Executing SQL folder
2023-10-31 09:58:09,434 - INFO - Executing prehook
2023-10-31 09:58:09,434 - INFO - Step 0: Creating a database connection
2023-10-31 09:58:09,460 - INFO - Step 1: Executing SQL folder
2023-10-31 10:00:24,616 - INFO - Executing prehook
2023-10-31 10:00:24,617 - INFO - Step 0: Creating a database connection
2023-10-31 10:00:24,655 - INFO - Step 1: Closing the database connection
2023-10-31 10:01:26,905 - INFO - Executing prehook
2023-10-31 10:01:26,905 - INFO - Step 0: Creating a database connection
2023-10-31 10:01:26,945 - INFO - Step 1: Closing the database connection
2023-10-31 10:01:26,946 - INFO - Executing hook
2023-10-31 10:01:26,973 - INFO - Step 0: Extracting data from yahoo finance
2023-10-31 10:01:31,789 - INFO - Step 1: Extracting data from  finviz
2023-10-31 10:02:27,536 - INFO - Executing posthook
2023-10-31 10:02:27,567 - INFO - Step 0: Creating a database connection
2023-10-31 10:02:27,568 - INFO - Step 1: Truncating staging table
2023-10-31 10:02:27,688 - INFO - Step 2: Closing the database connection
2023-10-31 10:02:34,244 - INFO - Step 3: Executing
2023-10-31 10:02:34,276 - INFO - Step 4: Creating a database connection
2023-10-31 10:02:34,277 - INFO - Step 5: Truncating staging table
2023-10-31 10:02:34,367 - INFO - Step 6: Closing the database connection
2023-10-31 10:02:38,379 - INFO - Executing prehook
2023-10-31 10:02:38,379 - INFO - Step 0: Creating a database connection
2023-10-31 10:02:38,427 - INFO - Step 1: Closing the database connection
2023-10-31 10:02:38,428 - INFO - Executing hook
2023-10-31 10:02:38,458 - INFO - Step 0: Extracting data from yahoo finance
2023-10-31 10:03:04,266 - INFO - Executing prehook
2023-10-31 10:03:04,266 - INFO - Step 1: Creating a database connection
2023-10-31 10:03:04,299 - INFO - Step 2: Closing the database connection
2023-10-31 10:03:04,300 - INFO - Executing hook
2023-10-31 10:03:04,329 - INFO - Step 1: Extracting data from yahoo finance
2023-10-31 10:03:09,074 - INFO - Step 2: Extracting data from  finviz
2023-10-31 10:24:26,804 - INFO - Extracting data from  finviz website hook
2023-10-31 10:25:00,468 - INFO - Step 0: Extracting data from  finviz website
2023-10-31 10:25:23,361 - INFO - Step 1: Extracting data from  finviz website
2023-10-31 10:25:49,479 - INFO - Step 2: Extracting data from  finviz website
2023-10-31 10:26:38,401 - INFO - Step 3: Extracting data from  finviz website
2023-10-31 10:27:04,129 - INFO - Executing posthook
2023-10-31 10:27:04,164 - INFO - Step 0: Creating a database connection
2023-10-31 10:27:04,165 - INFO - Step 1: Truncating staging table
2023-10-31 10:27:04,305 - INFO - Step 2: Closing the database connection
2023-10-31 10:27:11,091 - INFO - Extracting data from  finviz website hook
2023-10-31 10:27:57,025 - INFO - Executing posthook
2023-10-31 10:27:57,059 - INFO - Step 1: Creating a database connection
2023-10-31 10:27:57,060 - INFO - Step 2: Truncating staging table
2023-10-31 10:27:57,156 - INFO - Step 3: Closing the database connection
2023-10-31 10:42:54,462 - INFO - Extracting data from  finviz website hook
2023-10-31 10:43:00,377 - INFO - Executing posthook
2023-10-31 10:43:00,411 - INFO - Step 1: Creating a database connection
2023-10-31 10:43:00,411 - INFO - Step 2: Truncating staging table
2023-10-31 10:43:00,505 - INFO - Step 3: Closing the database connection
2023-10-31 10:43:07,211 - INFO - Extracting data from  finviz website hook
2023-10-31 10:43:32,672 - INFO - Executing posthook
2023-10-31 10:43:32,708 - INFO - Step 1: Creating a database connection
2023-10-31 10:43:32,709 - INFO - Step 2: Truncating staging table
2023-10-31 10:43:32,812 - INFO - Step 3: Closing the database connection
2023-10-31 10:43:34,786 - INFO - Extracting data from  finviz website hook
2023-10-31 10:44:24,446 - INFO - Executing posthook
2023-10-31 10:44:24,483 - INFO - Step 1: Creating a database connection
2023-10-31 10:44:24,484 - INFO - Step 2: Truncating staging table
2023-10-31 10:44:24,569 - INFO - Step 3: Closing the database connection
2023-10-31 10:44:27,216 - INFO - Extracting data from  finviz website hook
2023-10-31 10:44:57,187 - INFO - Executing posthook
2023-10-31 10:44:57,219 - INFO - Step 1: Creating a database connection
2023-10-31 10:44:57,220 - INFO - Step 2: Truncating staging table
2023-10-31 10:44:57,314 - INFO - Step 3: Closing the database connection
2023-10-31 10:44:58,600 - INFO - Extracting data from  finviz website hook
2023-10-31 10:45:25,892 - INFO - Extracting data from  finviz website hook
2023-10-31 10:59:40,680 - INFO - Executing posthook
2023-10-31 10:59:40,707 - INFO - Step 1: Creating a database connection
2023-10-31 10:59:40,709 - INFO - Step 2: Truncating staging table
2023-10-31 10:59:40,804 - INFO - Step 3: Closing the database connection
2023-10-31 11:00:07,317 - INFO - Extracting data from  miller_center website hook
2023-10-31 11:00:30,394 - INFO - Executing posthook
2023-10-31 11:00:30,432 - INFO - Step 1: Creating a database connection
2023-10-31 11:00:30,433 - INFO - Step 2: Truncating staging table
2023-10-31 11:00:30,534 - INFO - Step 3: Closing the database connection
2023-10-31 11:00:31,948 - INFO - Extracting data from  miller_center website hook
2023-10-31 11:04:05,439 - INFO - Extracting data from  miller_center website hook
2023-10-31 14:47:19,731 - INFO - Executing prehook
2023-10-31 14:47:19,732 - INFO - Step 1: Creating a database connection
2023-10-31 14:47:19,797 - INFO - Step 2: Closing the database connection
2023-10-31 14:47:19,797 - INFO - Executing hook
2023-10-31 14:47:19,951 - INFO - Step 1: Extracting data from yahoo finance
2023-10-31 14:47:22,008 - INFO - Step 2: Extracting data from  finviz
2023-10-31 14:53:02,525 - INFO - Executing posthook
2023-10-31 14:53:02,558 - INFO - Step 1: Creating a database connection
2023-10-31 14:53:02,559 - INFO - Step 2: Truncating staging table
2023-10-31 14:53:02,685 - INFO - Step 3: Closing the database connection
2023-10-31 14:53:11,152 - INFO - Executing prehook
2023-10-31 14:53:11,152 - INFO - Step 1: Creating a database connection
2023-10-31 14:53:11,216 - INFO - Step 2: Closing the database connection
2023-10-31 14:53:11,217 - INFO - Executing hook
2023-10-31 14:53:11,244 - INFO - Step 1: Extracting data from yahoo finance
2023-10-31 14:53:15,421 - INFO - Step 2: Extracting data from  finviz
2023-10-31 14:54:31,129 - INFO - Executing prehook
2023-10-31 14:54:31,129 - INFO - Step 1: Creating a database connection
2023-10-31 14:54:31,169 - INFO - Step 2: Closing the database connection
2023-10-31 14:54:31,169 - INFO - Executing hook
2023-10-31 14:55:08,182 - INFO - Executing prehook
2023-10-31 14:55:08,182 - INFO - Step 1: Creating a database connection
2023-10-31 14:55:08,220 - INFO - Step 2: Closing the database connection
2023-10-31 14:55:08,221 - INFO - Executing hook
2023-10-31 14:55:08,251 - INFO - Step 1: Extracting data from yahoo finance
2023-10-31 14:55:10,219 - INFO - Step 2: Extracting data from  finviz
2023-10-31 14:55:16,852 - INFO - Executing posthook
2023-10-31 14:55:16,892 - INFO - Step 1: Creating a database connection
2023-10-31 14:55:16,892 - INFO - Step 2: Truncating staging table
2023-10-31 14:55:17,058 - INFO - Step 3: Closing the database connection
2023-10-31 14:55:20,867 - INFO - Executing prehook
2023-10-31 14:55:20,867 - INFO - Step 1: Creating a database connection
2023-10-31 14:55:20,919 - INFO - Step 2: Closing the database connection
2023-10-31 14:55:20,919 - INFO - Executing hook
2023-10-31 14:55:20,946 - INFO - Step 1: Extracting data from yahoo finance
2023-10-31 14:55:22,870 - INFO - Step 2: Extracting data from  finviz
2023-10-31 14:56:03,881 - INFO - Executing prehook
2023-10-31 14:56:03,882 - INFO - Step 1: Creating a database connection
2023-10-31 14:56:03,923 - INFO - Step 2: Closing the database connection
2023-10-31 14:56:03,923 - INFO - Executing hook
2023-10-31 14:56:03,952 - INFO - Step 1: Extracting data from yahoo finance
2023-10-31 14:56:07,434 - INFO - Step 2: Extracting data from  finviz
2023-10-31 14:56:15,403 - INFO - Executing posthook
2023-10-31 14:56:15,438 - INFO - Step 1: Creating a database connection
2023-10-31 14:56:15,438 - INFO - Step 2: Truncating staging table
2023-10-31 14:56:15,558 - INFO - Step 3: Closing the database connection
2023-10-31 14:56:22,407 - INFO - Executing prehook
2023-10-31 14:56:22,407 - INFO - Step 1: Creating a database connection
2023-10-31 14:56:22,461 - INFO - Step 2: Closing the database connection
2023-10-31 14:56:22,469 - INFO - Executing hook
2023-10-31 14:56:22,496 - INFO - Step 1: Extracting data from yahoo finance
2023-10-31 14:56:24,573 - INFO - Step 2: Extracting data from  finviz
2023-10-31 15:06:53,023 - INFO - Step 3: Extracting data from  finviz website
2023-10-31 15:07:13,827 - INFO - Step 4: Extracting data from  fred_economic_data website
2023-10-31 15:13:01,853 - INFO - Step 5: Extracting data from  miller_center website
2023-10-31 15:13:48,038 - INFO - Step 6: Performing sentiment analysis on data
2023-10-31 15:14:55,529 - INFO - Executing posthook
2023-10-31 15:14:55,557 - INFO - Step 1: Creating a database connection
2023-10-31 15:14:55,558 - INFO - Step 2: Truncating staging table
2023-10-31 15:14:55,692 - INFO - Step 3: Closing the database connection
2023-10-31 15:15:07,102 - INFO - Executing prehook
2023-10-31 15:15:07,103 - INFO - Step 1: Creating a database connection
2023-10-31 15:15:07,167 - INFO - Step 2: Closing the database connection
2023-10-31 15:15:07,168 - INFO - Executing hook
2023-10-31 15:15:07,196 - INFO - Step 1: Extracting data from yahoo finance
2023-10-31 15:15:09,254 - INFO - Step 2: Extracting data from  finviz
2023-10-31 15:16:41,714 - INFO - Step 3: Extracting data from  finviz website
2023-10-31 15:17:38,188 - INFO - Step 4: Extracting data from  fred_economic_data website
2023-10-31 15:24:40,171 - INFO - Step 5: Extracting data from  miller_center website
2023-10-31 15:25:18,256 - INFO - Step 6: Performing sentiment analysis on data
2023-10-31 15:44:09,806 - INFO - Step 4: Executing
2023-10-31 15:44:09,837 - INFO - Step 5: Creating a database connection
2023-10-31 15:44:09,838 - INFO - Step 6: Truncating staging table
2023-10-31 15:44:09,971 - INFO - Step 7: Closing the database connection
2023-10-31 15:44:14,616 - INFO - Executing prehook
2023-10-31 15:44:14,617 - INFO - Step 1: Creating a database connection
2023-10-31 15:44:14,641 - INFO - Step 2: Executing SQL folder
2023-10-31 15:44:14,668 - INFO - Step 3: Closing the database connection
2023-10-31 15:44:14,669 - INFO - Executing hook
2023-10-31 15:44:14,705 - INFO - Step 1: Extracting data from yahoo finance
2023-10-31 15:44:16,874 - INFO - Step 2: Extracting data from  finviz
2023-10-31 15:45:54,883 - INFO - Step 8: Executing
2023-10-31 15:45:54,921 - INFO - Step 9: Creating a database connection
2023-10-31 15:45:54,922 - INFO - Step 10: Truncating staging table
2023-10-31 15:45:55,044 - INFO - Step 11: Closing the database connection
2023-10-31 15:46:02,949 - INFO - Executing prehook
2023-10-31 15:46:02,950 - INFO - Step 1: Creating a database connection
2023-10-31 15:46:02,980 - INFO - Step 2: Executing SQL folderprehook
2023-10-31 15:46:03,005 - INFO - Step 3: Closing the database connection
2023-10-31 15:46:03,006 - INFO - Executing hook
2023-10-31 15:46:03,039 - INFO - Step 1: Extracting data from yahoo finance
2023-10-31 15:46:05,089 - INFO - Step 2: Extracting data from  finviz
2023-10-31 15:46:21,666 - INFO - Step 12: Executing
2023-10-31 15:46:21,699 - INFO - Step 13: Creating a database connection
2023-10-31 15:46:21,700 - INFO - Step 14: Truncating staging table
2023-10-31 15:46:21,843 - INFO - Step 15: Closing the database connection
2023-10-31 15:46:45,468 - INFO - Step 16: Executing
2023-10-31 15:46:45,506 - INFO - Step 17: Creating a database connection
2023-10-31 15:46:45,507 - INFO - Step 18: Truncating staging table
2023-10-31 15:46:45,612 - INFO - Step 19: Closing the database connection
2023-10-31 15:46:50,294 - INFO - Executing prehook
2023-10-31 15:46:50,295 - INFO - Step 1: Creating a database connection
2023-10-31 15:46:50,322 - INFO - Step 2: Executing SQL folder-prehook
2023-10-31 15:46:50,347 - INFO - Step 3: Closing the database connection
2023-10-31 15:46:50,351 - INFO - Executing hook
2023-10-31 15:46:50,380 - INFO - Step 1: Extracting data from yahoo finance
2023-10-31 15:46:52,415 - INFO - Step 2: Extracting data from  finviz
2023-10-31 15:47:42,881 - INFO - Step 3: Extracting data from  finviz website
2023-10-31 15:47:59,989 - INFO - Step 4: Extracting data from  fred_economic_data website
2023-10-31 15:54:18,509 - INFO - Executing posthook
2023-10-31 15:54:18,541 - INFO - Step 1: Creating a database connection
2023-10-31 15:54:18,541 - INFO - Step 2: Truncating staging table
2023-10-31 15:54:18,674 - INFO - Step 3: Closing the database connection
2023-10-31 15:54:29,027 - INFO - Executing prehook
2023-10-31 15:54:29,027 - INFO - Step 1: Creating a database connection
2023-10-31 15:54:29,056 - INFO - Step 2: Executing SQL folder-prehook
2023-10-31 15:54:29,082 - INFO - Step 3: Closing the database connection
2023-10-31 15:54:29,092 - INFO - Executing hook
2023-10-31 15:54:29,093 - INFO - Step 1: Creating a database connection
2023-10-31 15:54:29,126 - INFO - Step 2: Creating ETL checkpoint
2023-10-31 15:54:29,127 - INFO - Step 3: Retrieving ETL last updated date
2023-10-31 15:54:29,129 - INFO - Step 4: Extracting data from yahoo finance
2023-10-31 15:54:32,493 - INFO - Step 5: Extracting data from  finviz
2023-10-31 15:57:26,062 - INFO - Step 6: Extracting data from  finviz website
2023-10-31 15:57:43,959 - INFO - Step 7: Extracting data from  fred_economic_data website
2023-10-31 16:02:08,866 - INFO - Step 8: Extracting data from  miller_center website
2023-10-31 16:02:51,158 - INFO - Step 9: Executing SQL folder-hook
2023-10-31 16:02:51,198 - INFO - Step 10: Performing sentiment analysis on data
2023-10-31 16:02:52,221 - INFO - Step 11: Executing SQL folder-hook
2023-10-31 16:02:53,581 - INFO - Step 12: Executing SQL folder-hook
2023-10-31 16:02:53,595 - INFO - Step 13: Upserting ETL checkpoint
2023-10-31 16:02:53,595 - INFO - Step 14: Closing the database connection
2023-10-31 16:02:53,595 - INFO - Executing posthook
2023-10-31 16:02:53,627 - INFO - Step 1: Creating a database connection
2023-10-31 16:02:53,628 - INFO - Step 2: Truncating staging table
2023-10-31 16:02:53,745 - INFO - Step 3: Closing the database connection
